8. Printing statistics.
async_fifo

   Number of wires:                261
   Number of wire bits:            435
   Number of public wires:          38
   Number of public wire bits:     212
   Number of memories:               0
   Number of memory bits:            0
   Number of processes:              0
   Number of cells:                417
     sky130_fd_sc_hd__a2111o_1       2
     sky130_fd_sc_hd__a2111oi_0      1
     sky130_fd_sc_hd__a31o_1         1
     sky130_fd_sc_hd__and2_0         2
     sky130_fd_sc_hd__clkinv_1      12
     sky130_fd_sc_hd__dfrtp_1       38
     sky130_fd_sc_hd__dfxtp_1      128
     sky130_fd_sc_hd__lpflow_isobufsrc_1      8
     sky130_fd_sc_hd__mux2_1       128
     sky130_fd_sc_hd__mux4_2        40
     sky130_fd_sc_hd__nand2_1       12
     sky130_fd_sc_hd__nand2b_1       5
     sky130_fd_sc_hd__nand3b_1       1
     sky130_fd_sc_hd__nand4_1        3
     sky130_fd_sc_hd__nor2_1         8
     sky130_fd_sc_hd__nor2b_1        1
     sky130_fd_sc_hd__nor3_1         2
     sky130_fd_sc_hd__o2111a_1       1
     sky130_fd_sc_hd__o2111ai_1      2
     sky130_fd_sc_hd__o21a_1         1
     sky130_fd_sc_hd__xnor2_1       12
     sky130_fd_sc_hd__xor2_1         8
     sky130_fd_sc_hd__xor3_1         1

   Chip area for module '\async_fifo': 6387.376000
