Segment name,  Current,  Node 1,  Node 2
seg_0, 0.000446, VDD_63060_63200_6, VDD_63060_63200_5
seg_1, 0, VDD_7060_63200_6, VDD_63060_63200_6
seg_2, 0.000348, VDD_7060_63200_6, VDD_7060_63200_5
seg_3, 0.000244, VDD_63060_7200_6, VDD_63060_7200_5
seg_4, 2e-15, VDD_7060_7200_6, VDD_63060_7200_6
seg_5, 0.000166, VDD_7060_7200_6, VDD_7060_7200_5
seg_6, -1.34e-06, VDD_63060_111520_5, VDD_63060_111520_4
seg_7, 1.34e-06, VDD_63060_111520_3, VDD_63060_111520_4
seg_8, 1.34e-06, VDD_7060_111520_5, VDD_7060_111520_4
seg_9, -1.34e-06, VDD_7060_111520_3, VDD_7060_111520_4
seg_10, -1.34e-06, VDD_63060_106080_5, VDD_63060_111520_5
seg_11, -1.38e-06, VDD_63060_106080_5, VDD_63060_106080_4
seg_12, 1.38e-06, VDD_63060_106080_3, VDD_63060_106080_4
seg_13, 1.34e-06, VDD_7060_106080_5, VDD_7060_111520_5
seg_14, 1.38e-06, VDD_7060_106080_5, VDD_7060_106080_4
seg_15, -1.38e-06, VDD_7060_106080_3, VDD_7060_106080_4
seg_16, -2.72e-06, VDD_63060_100640_5, VDD_63060_106080_5
seg_17, 1.62e-05, VDD_63060_100640_5, VDD_63060_100640_4
seg_18, -1.62e-05, VDD_63060_100640_3, VDD_63060_100640_4
seg_19, 2.72e-06, VDD_7060_100640_5, VDD_7060_106080_5
seg_20, 1.38e-05, VDD_7060_100640_5, VDD_7060_100640_4
seg_21, -1.38e-05, VDD_7060_100640_3, VDD_7060_100640_4
seg_22, 1.35e-05, VDD_63060_95200_5, VDD_63060_100640_5
seg_23, 1.85e-05, VDD_63060_95200_5, VDD_63060_95200_4
seg_24, -1.85e-05, VDD_63060_95200_3, VDD_63060_95200_4
seg_25, 1.65e-05, VDD_7060_95200_5, VDD_7060_100640_5
seg_26, 1.6e-05, VDD_7060_95200_5, VDD_7060_95200_4
seg_27, -1.6e-05, VDD_7060_95200_3, VDD_7060_95200_4
seg_28, 3.19e-05, VDD_63060_89760_5, VDD_63060_95200_5
seg_29, 2.36e-05, VDD_63060_89760_5, VDD_63060_89760_4
seg_30, -2.36e-05, VDD_63060_89760_3, VDD_63060_89760_4
seg_31, 3.24e-05, VDD_7060_89760_5, VDD_7060_95200_5
seg_32, 2.65e-05, VDD_7060_89760_5, VDD_7060_89760_4
seg_33, -2.65e-05, VDD_7060_89760_3, VDD_7060_89760_4
seg_34, 5.56e-05, VDD_63060_84320_5, VDD_63060_89760_5
seg_35, 2.16e-05, VDD_63060_84320_5, VDD_63060_84320_4
seg_36, -2.16e-05, VDD_63060_84320_3, VDD_63060_84320_4
seg_37, 5.9e-05, VDD_7060_84320_5, VDD_7060_89760_5
seg_38, 1.8e-05, VDD_7060_84320_5, VDD_7060_84320_4
seg_39, -1.8e-05, VDD_7060_84320_3, VDD_7060_84320_4
seg_40, 7.72e-05, VDD_63060_78880_5, VDD_63060_84320_5
seg_41, 6.11e-05, VDD_63060_78880_5, VDD_63060_78880_4
seg_42, -6.11e-05, VDD_63060_78880_3, VDD_63060_78880_4
seg_43, 7.7e-05, VDD_7060_78880_5, VDD_7060_84320_5
seg_44, 3.85e-05, VDD_7060_78880_5, VDD_7060_78880_4
seg_45, -3.85e-05, VDD_7060_78880_3, VDD_7060_78880_4
seg_46, 0.000138, VDD_63060_73440_5, VDD_63060_78880_5
seg_47, 3.94e-05, VDD_63060_73440_5, VDD_63060_73440_4
seg_48, -3.94e-05, VDD_63060_73440_3, VDD_63060_73440_4
seg_49, 0.000115, VDD_7060_73440_5, VDD_7060_78880_5
seg_50, 2.52e-05, VDD_7060_73440_5, VDD_7060_73440_4
seg_51, -2.52e-05, VDD_7060_73440_3, VDD_7060_73440_4
seg_52, -0.000215, VDD_63060_68000_5, VDD_63060_63200_5
seg_53, 0.000178, VDD_63060_68000_5, VDD_63060_73440_5
seg_54, 3.75e-05, VDD_63060_68000_5, VDD_63060_68000_4
seg_55, -3.75e-05, VDD_63060_68000_3, VDD_63060_68000_4
seg_56, -0.000177, VDD_7060_68000_5, VDD_7060_63200_5
seg_57, 0.000141, VDD_7060_68000_5, VDD_7060_73440_5
seg_58, 3.59e-05, VDD_7060_68000_5, VDD_7060_68000_4
seg_59, -3.59e-05, VDD_7060_68000_3, VDD_7060_68000_4
seg_60, -0.000231, VDD_63060_62560_5, VDD_63060_63200_5
seg_61, 4.07e-05, VDD_63060_62560_5, VDD_63060_62560_4
seg_62, -4.07e-05, VDD_63060_62560_3, VDD_63060_62560_4
seg_63, -0.000171, VDD_7060_62560_5, VDD_7060_63200_5
seg_64, 3.28e-05, VDD_7060_62560_5, VDD_7060_62560_4
seg_65, -3.28e-05, VDD_7060_62560_3, VDD_7060_62560_4
seg_66, -0.00019, VDD_63060_57120_5, VDD_63060_62560_5
seg_67, 5.09e-05, VDD_63060_57120_5, VDD_63060_57120_4
seg_68, -5.09e-05, VDD_63060_57120_3, VDD_63060_57120_4
seg_69, -0.000139, VDD_7060_57120_5, VDD_7060_62560_5
seg_70, 3.69e-05, VDD_7060_57120_5, VDD_7060_57120_4
seg_71, -3.69e-05, VDD_7060_57120_3, VDD_7060_57120_4
seg_72, -0.000139, VDD_63060_51680_5, VDD_63060_57120_5
seg_73, 3.19e-05, VDD_63060_51680_5, VDD_63060_51680_4
seg_74, -3.19e-05, VDD_63060_51680_3, VDD_63060_51680_4
seg_75, -0.000102, VDD_7060_51680_5, VDD_7060_57120_5
seg_76, 2.08e-05, VDD_7060_51680_5, VDD_7060_51680_4
seg_77, -2.08e-05, VDD_7060_51680_3, VDD_7060_51680_4
seg_78, -0.000107, VDD_63060_46240_5, VDD_63060_51680_5
seg_79, 2.47e-05, VDD_63060_46240_5, VDD_63060_46240_4
seg_80, -2.47e-05, VDD_63060_46240_3, VDD_63060_46240_4
seg_81, -8.09e-05, VDD_7060_46240_5, VDD_7060_51680_5
seg_82, 2.1e-05, VDD_7060_46240_5, VDD_7060_46240_4
seg_83, -2.1e-05, VDD_7060_46240_3, VDD_7060_46240_4
seg_84, -8.25e-05, VDD_63060_40800_5, VDD_63060_46240_5
seg_85, 4.34e-05, VDD_63060_40800_5, VDD_63060_40800_4
seg_86, -4.34e-05, VDD_63060_40800_3, VDD_63060_40800_4
seg_87, -6e-05, VDD_7060_40800_5, VDD_7060_46240_5
seg_88, 3.17e-05, VDD_7060_40800_5, VDD_7060_40800_4
seg_89, -3.17e-05, VDD_7060_40800_3, VDD_7060_40800_4
seg_90, -3.91e-05, VDD_63060_35360_5, VDD_63060_40800_5
seg_91, 6.19e-05, VDD_63060_35360_5, VDD_63060_35360_4
seg_92, -6.19e-05, VDD_63060_35360_3, VDD_63060_35360_4
seg_93, -2.82e-05, VDD_7060_35360_5, VDD_7060_40800_5
seg_94, 5.07e-05, VDD_7060_35360_5, VDD_7060_35360_4
seg_95, -5.07e-05, VDD_7060_35360_3, VDD_7060_35360_4
seg_96, 2.28e-05, VDD_63060_29920_5, VDD_63060_35360_5
seg_97, 4.45e-05, VDD_63060_29920_5, VDD_63060_29920_4
seg_98, -4.45e-05, VDD_63060_29920_3, VDD_63060_29920_4
seg_99, 2.24e-05, VDD_7060_29920_5, VDD_7060_35360_5
seg_100, 2.87e-05, VDD_7060_29920_5, VDD_7060_29920_4
seg_101, -2.87e-05, VDD_7060_29920_3, VDD_7060_29920_4
seg_102, 6.73e-05, VDD_63060_24480_5, VDD_63060_29920_5
seg_103, 3.69e-05, VDD_63060_24480_5, VDD_63060_24480_4
seg_104, -3.69e-05, VDD_63060_24480_3, VDD_63060_24480_4
seg_105, 5.11e-05, VDD_7060_24480_5, VDD_7060_29920_5
seg_106, 3.04e-05, VDD_7060_24480_5, VDD_7060_24480_4
seg_107, -3.04e-05, VDD_7060_24480_3, VDD_7060_24480_4
seg_108, 0.000104, VDD_63060_19040_5, VDD_63060_24480_5
seg_109, 3.74e-05, VDD_63060_19040_5, VDD_63060_19040_4
seg_110, -3.74e-05, VDD_63060_19040_3, VDD_63060_19040_4
seg_111, 8.15e-05, VDD_7060_19040_5, VDD_7060_24480_5
seg_112, 2.34e-05, VDD_7060_19040_5, VDD_7060_19040_4
seg_113, -2.34e-05, VDD_7060_19040_3, VDD_7060_19040_4
seg_114, 0.000142, VDD_63060_13600_5, VDD_63060_19040_5
seg_115, 5.56e-05, VDD_63060_13600_5, VDD_63060_13600_4
seg_116, -5.56e-05, VDD_63060_13600_3, VDD_63060_13600_4
seg_117, 0.000105, VDD_7060_13600_5, VDD_7060_19040_5
seg_118, 2.94e-05, VDD_7060_13600_5, VDD_7060_13600_4
seg_119, -2.94e-05, VDD_7060_13600_3, VDD_7060_13600_4
seg_120, -0.000244, VDD_63060_8160_5, VDD_63060_7200_5
seg_121, 0.000197, VDD_63060_8160_5, VDD_63060_13600_5
seg_122, 4.69e-05, VDD_63060_8160_5, VDD_63060_8160_4
seg_123, -4.69e-05, VDD_63060_8160_3, VDD_63060_8160_4
seg_124, -0.000166, VDD_7060_8160_5, VDD_7060_7200_5
seg_125, 0.000134, VDD_7060_8160_5, VDD_7060_13600_5
seg_126, 3.19e-05, VDD_7060_8160_5, VDD_7060_8160_4
seg_127, -3.19e-05, VDD_7060_8160_3, VDD_7060_8160_4
seg_128, 0, VDD_5060_63200_6, VDD_7060_63200_6
seg_129, 0, VDD_115000_63200_6, VDD_63060_63200_6
seg_130, 0, VDD_5060_7200_6, VDD_7060_7200_6
seg_131, 0, VDD_115000_7200_6, VDD_63060_7200_6
seg_132, 0, VDD_63060_5200_5, VDD_63060_7200_5
seg_133, 0, VDD_63060_114480_5, VDD_63060_111520_5
seg_134, 0, VDD_7060_5200_5, VDD_7060_7200_5
seg_135, -7.66e-16, VDD_7060_114480_5, VDD_7060_111520_5
seg_136, -1.34e-06, VDD_5400_111520_2, VDD_7060_111520_3
seg_137, 0, VDD_5400_111520_2, VDD_0_111520_2
seg_138, -1.34e-06, VDD_10800_111520_2, VDD_5400_111520_2
seg_139, -1.34e-06, VDD_16200_111520_2, VDD_10800_111520_2
seg_140, -1.34e-06, VDD_21600_111520_2, VDD_16200_111520_2
seg_141, -1.34e-06, VDD_27000_111520_2, VDD_21600_111520_2
seg_142, -1.34e-06, VDD_32400_111520_2, VDD_27000_111520_2
seg_143, -1.34e-06, VDD_37800_111520_2, VDD_32400_111520_2
seg_144, -1.34e-06, VDD_43200_111520_2, VDD_37800_111520_2
seg_145, -1.34e-06, VDD_48600_111520_2, VDD_43200_111520_2
seg_146, -1.34e-06, VDD_54000_111520_2, VDD_48600_111520_2
seg_147, -1.34e-06, VDD_59400_111520_2, VDD_54000_111520_2
seg_148, 1.34e-06, VDD_64800_111520_2, VDD_63060_111520_3
seg_149, -1.34e-06, VDD_64800_111520_2, VDD_59400_111520_2
seg_150, 0, VDD_70200_111520_2, VDD_64800_111520_2
seg_151, 0, VDD_75600_111520_2, VDD_70200_111520_2
seg_152, 0, VDD_81000_111520_2, VDD_75600_111520_2
seg_153, 0, VDD_86400_111520_2, VDD_81000_111520_2
seg_154, 0, VDD_91800_111520_2, VDD_86400_111520_2
seg_155, 0, VDD_97200_111520_2, VDD_91800_111520_2
seg_156, 0, VDD_102600_111520_2, VDD_97200_111520_2
seg_157, 0, VDD_108000_111520_2, VDD_102600_111520_2
seg_158, 0, VDD_113400_111520_2, VDD_108000_111520_2
seg_159, -1.38e-06, VDD_5400_106080_2, VDD_7060_106080_3
seg_160, 0, VDD_5400_106080_2, VDD_0_106080_2
seg_161, -1.38e-06, VDD_10800_106080_2, VDD_5400_106080_2
seg_162, -1.38e-06, VDD_16200_106080_2, VDD_10800_106080_2
seg_163, -1.38e-06, VDD_21600_106080_2, VDD_16200_106080_2
seg_164, -1.38e-06, VDD_27000_106080_2, VDD_21600_106080_2
seg_165, -1.38e-06, VDD_32400_106080_2, VDD_27000_106080_2
seg_166, -1.38e-06, VDD_37800_106080_2, VDD_32400_106080_2
seg_167, -1.38e-06, VDD_43200_106080_2, VDD_37800_106080_2
seg_168, -1.38e-06, VDD_48600_106080_2, VDD_43200_106080_2
seg_169, -1.38e-06, VDD_54000_106080_2, VDD_48600_106080_2
seg_170, -1.38e-06, VDD_59400_106080_2, VDD_54000_106080_2
seg_171, 1.38e-06, VDD_64800_106080_2, VDD_63060_106080_3
seg_172, -1.38e-06, VDD_64800_106080_2, VDD_59400_106080_2
seg_173, 0, VDD_70200_106080_2, VDD_64800_106080_2
seg_174, 0, VDD_75600_106080_2, VDD_70200_106080_2
seg_175, 0, VDD_81000_106080_2, VDD_75600_106080_2
seg_176, 0, VDD_86400_106080_2, VDD_81000_106080_2
seg_177, 0, VDD_91800_106080_2, VDD_86400_106080_2
seg_178, 0, VDD_97200_106080_2, VDD_91800_106080_2
seg_179, 0, VDD_102600_106080_2, VDD_97200_106080_2
seg_180, 0, VDD_108000_106080_2, VDD_102600_106080_2
seg_181, 0, VDD_113400_106080_2, VDD_108000_106080_2
seg_182, -1.38e-05, VDD_5400_100640_2, VDD_7060_100640_3
seg_183, 1.58e-16, VDD_5400_100640_2, VDD_0_100640_2
seg_184, -1.38e-05, VDD_10800_100640_2, VDD_5400_100640_2
seg_185, -1.34e-05, VDD_16200_100640_2, VDD_10800_100640_2
seg_186, -1.34e-05, VDD_21600_100640_2, VDD_16200_100640_2
seg_187, -1.34e-05, VDD_27000_100640_2, VDD_21600_100640_2
seg_188, -4.27e-06, VDD_32400_100640_2, VDD_27000_100640_2
seg_189, -4.27e-06, VDD_37800_100640_2, VDD_32400_100640_2
seg_190, 6.52e-07, VDD_43200_100640_2, VDD_37800_100640_2
seg_191, 6.52e-07, VDD_48600_100640_2, VDD_43200_100640_2
seg_192, 1.03e-06, VDD_54000_100640_2, VDD_48600_100640_2
seg_193, 5.95e-06, VDD_59400_100640_2, VDD_54000_100640_2
seg_194, -1.62e-05, VDD_64800_100640_2, VDD_63060_100640_3
seg_195, 6.34e-06, VDD_64800_100640_2, VDD_59400_100640_2
seg_196, -5.31e-06, VDD_70200_100640_2, VDD_64800_100640_2
seg_197, -4.95e-06, VDD_75600_100640_2, VDD_70200_100640_2
seg_198, 0, VDD_81000_100640_2, VDD_75600_100640_2
seg_199, 0, VDD_86400_100640_2, VDD_81000_100640_2
seg_200, 0, VDD_91800_100640_2, VDD_86400_100640_2
seg_201, 0, VDD_97200_100640_2, VDD_91800_100640_2
seg_202, 0, VDD_102600_100640_2, VDD_97200_100640_2
seg_203, 0, VDD_108000_100640_2, VDD_102600_100640_2
seg_204, 0, VDD_113400_100640_2, VDD_108000_100640_2
seg_205, -1.6e-05, VDD_5400_95200_2, VDD_7060_95200_3
seg_206, -1.58e-16, VDD_5400_95200_2, VDD_0_95200_2
seg_207, -1.56e-05, VDD_10800_95200_2, VDD_5400_95200_2
seg_208, -9.95e-06, VDD_16200_95200_2, VDD_10800_95200_2
seg_209, -9.58e-06, VDD_21600_95200_2, VDD_16200_95200_2
seg_210, -9.16e-06, VDD_27000_95200_2, VDD_21600_95200_2
seg_211, -8.79e-06, VDD_32400_95200_2, VDD_27000_95200_2
seg_212, -8.44e-06, VDD_37800_95200_2, VDD_32400_95200_2
seg_213, -2.76e-06, VDD_43200_95200_2, VDD_37800_95200_2
seg_214, -2.76e-06, VDD_48600_95200_2, VDD_43200_95200_2
seg_215, 2.16e-06, VDD_54000_95200_2, VDD_48600_95200_2
seg_216, 7.84e-06, VDD_59400_95200_2, VDD_54000_95200_2
seg_217, -1.85e-05, VDD_64800_95200_2, VDD_63060_95200_3
seg_218, 7.84e-06, VDD_64800_95200_2, VDD_59400_95200_2
seg_219, -6.06e-06, VDD_70200_95200_2, VDD_64800_95200_2
seg_220, -1.5e-06, VDD_75600_95200_2, VDD_70200_95200_2
seg_221, -3.7e-07, VDD_81000_95200_2, VDD_75600_95200_2
seg_222, 0, VDD_86400_95200_2, VDD_81000_95200_2
seg_223, 0, VDD_91800_95200_2, VDD_86400_95200_2
seg_224, 0, VDD_97200_95200_2, VDD_91800_95200_2
seg_225, 0, VDD_102600_95200_2, VDD_97200_95200_2
seg_226, 0, VDD_108000_95200_2, VDD_102600_95200_2
seg_227, 0, VDD_113400_95200_2, VDD_108000_95200_2
seg_228, -2.65e-05, VDD_5400_89760_2, VDD_7060_89760_3
seg_229, -1.58e-16, VDD_5400_89760_2, VDD_0_89760_2
seg_230, -1.74e-05, VDD_10800_89760_2, VDD_5400_89760_2
seg_231, -1.74e-05, VDD_16200_89760_2, VDD_10800_89760_2
seg_232, -1.28e-05, VDD_21600_89760_2, VDD_16200_89760_2
seg_233, -8.29e-06, VDD_27000_89760_2, VDD_21600_89760_2
seg_234, 8.28e-07, VDD_32400_89760_2, VDD_27000_89760_2
seg_235, 8.28e-07, VDD_37800_89760_2, VDD_32400_89760_2
seg_236, 1.19e-06, VDD_43200_89760_2, VDD_37800_89760_2
seg_237, 6.15e-06, VDD_48600_89760_2, VDD_43200_89760_2
seg_238, 6.53e-06, VDD_54000_89760_2, VDD_48600_89760_2
seg_239, 1.11e-05, VDD_59400_89760_2, VDD_54000_89760_2
seg_240, -2.36e-05, VDD_64800_89760_2, VDD_63060_89760_3
seg_241, 1.15e-05, VDD_64800_89760_2, VDD_59400_89760_2
seg_242, -1.22e-05, VDD_70200_89760_2, VDD_64800_89760_2
seg_243, -1.14e-05, VDD_75600_89760_2, VDD_70200_89760_2
seg_244, -1.06e-05, VDD_81000_89760_2, VDD_75600_89760_2
seg_245, -6.08e-06, VDD_86400_89760_2, VDD_81000_89760_2
seg_246, -4.95e-06, VDD_91800_89760_2, VDD_86400_89760_2
seg_247, -4.58e-06, VDD_97200_89760_2, VDD_91800_89760_2
seg_248, 0, VDD_102600_89760_2, VDD_97200_89760_2
seg_249, 0, VDD_108000_89760_2, VDD_102600_89760_2
seg_250, 0, VDD_113400_89760_2, VDD_108000_89760_2
seg_251, -1.8e-05, VDD_5400_84320_2, VDD_7060_84320_3
seg_252, -1.58e-16, VDD_5400_84320_2, VDD_0_84320_2
seg_253, -1.76e-05, VDD_10800_84320_2, VDD_5400_84320_2
seg_254, -1.27e-05, VDD_16200_84320_2, VDD_10800_84320_2
seg_255, -1.27e-05, VDD_21600_84320_2, VDD_16200_84320_2
seg_256, -7.77e-06, VDD_27000_84320_2, VDD_21600_84320_2
seg_257, -6.7e-06, VDD_32400_84320_2, VDD_27000_84320_2
seg_258, -6.31e-06, VDD_37800_84320_2, VDD_32400_84320_2
seg_259, -5.58e-06, VDD_43200_84320_2, VDD_37800_84320_2
seg_260, 9.72e-08, VDD_48600_84320_2, VDD_43200_84320_2
seg_261, 9.72e-08, VDD_54000_84320_2, VDD_48600_84320_2
seg_262, 5.76e-06, VDD_59400_84320_2, VDD_54000_84320_2
seg_263, -2.16e-05, VDD_64800_84320_2, VDD_63060_84320_3
seg_264, 5.76e-06, VDD_64800_84320_2, VDD_59400_84320_2
seg_265, -1.13e-05, VDD_70200_84320_2, VDD_64800_84320_2
seg_266, -1.03e-05, VDD_75600_84320_2, VDD_70200_84320_2
seg_267, -1.03e-05, VDD_81000_84320_2, VDD_75600_84320_2
seg_268, -5.32e-06, VDD_86400_84320_2, VDD_81000_84320_2
seg_269, -3.66e-07, VDD_91800_84320_2, VDD_86400_84320_2
seg_270, 0, VDD_97200_84320_2, VDD_91800_84320_2
seg_271, 0, VDD_102600_84320_2, VDD_97200_84320_2
seg_272, 0, VDD_108000_84320_2, VDD_102600_84320_2
seg_273, 0, VDD_113400_84320_2, VDD_108000_84320_2
seg_274, -3.85e-05, VDD_5400_78880_2, VDD_7060_78880_3
seg_275, 0, VDD_5400_78880_2, VDD_0_78880_2
seg_276, -3.36e-05, VDD_10800_78880_2, VDD_5400_78880_2
seg_277, -3.25e-05, VDD_16200_78880_2, VDD_10800_78880_2
seg_278, -2.79e-05, VDD_21600_78880_2, VDD_16200_78880_2
seg_279, -2.79e-05, VDD_27000_78880_2, VDD_21600_78880_2
seg_280, -2.72e-05, VDD_32400_78880_2, VDD_27000_78880_2
seg_281, -2.64e-05, VDD_37800_78880_2, VDD_32400_78880_2
seg_282, -1.73e-05, VDD_43200_78880_2, VDD_37800_78880_2
seg_283, -1.73e-05, VDD_48600_78880_2, VDD_43200_78880_2
seg_284, 7.33e-06, VDD_54000_78880_2, VDD_48600_78880_2
seg_285, 1.65e-05, VDD_59400_78880_2, VDD_54000_78880_2
seg_286, -6.11e-05, VDD_64800_78880_2, VDD_63060_78880_3
seg_287, 1.78e-05, VDD_64800_78880_2, VDD_59400_78880_2
seg_288, -3.83e-05, VDD_70200_78880_2, VDD_64800_78880_2
seg_289, -2.92e-05, VDD_75600_78880_2, VDD_70200_78880_2
seg_290, -2.92e-05, VDD_81000_78880_2, VDD_75600_78880_2
seg_291, -1.56e-05, VDD_86400_78880_2, VDD_81000_78880_2
seg_292, -3.56e-06, VDD_91800_78880_2, VDD_86400_78880_2
seg_293, -2.9e-07, VDD_97200_78880_2, VDD_91800_78880_2
seg_294, 0, VDD_102600_78880_2, VDD_97200_78880_2
seg_295, 0, VDD_108000_78880_2, VDD_102600_78880_2
seg_296, 0, VDD_113400_78880_2, VDD_108000_78880_2
seg_297, -2.52e-05, VDD_5400_73440_2, VDD_7060_73440_3
seg_298, 0, VDD_5400_73440_2, VDD_0_73440_2
seg_299, -2.07e-05, VDD_10800_73440_2, VDD_5400_73440_2
seg_300, -2.03e-05, VDD_16200_73440_2, VDD_10800_73440_2
seg_301, -1.95e-05, VDD_21600_73440_2, VDD_16200_73440_2
seg_302, -1.46e-05, VDD_27000_73440_2, VDD_21600_73440_2
seg_303, -1.35e-05, VDD_32400_73440_2, VDD_27000_73440_2
seg_304, -8.94e-06, VDD_37800_73440_2, VDD_32400_73440_2
seg_305, -8.57e-06, VDD_43200_73440_2, VDD_37800_73440_2
seg_306, -3.63e-06, VDD_48600_73440_2, VDD_43200_73440_2
seg_307, -3.63e-06, VDD_54000_73440_2, VDD_48600_73440_2
seg_308, 1.32e-06, VDD_59400_73440_2, VDD_54000_73440_2
seg_309, -3.94e-05, VDD_64800_73440_2, VDD_63060_73440_3
seg_310, 1.7e-06, VDD_64800_73440_2, VDD_59400_73440_2
seg_311, -3.73e-05, VDD_70200_73440_2, VDD_64800_73440_2
seg_312, -3.24e-05, VDD_75600_73440_2, VDD_70200_73440_2
seg_313, -2.21e-05, VDD_81000_73440_2, VDD_75600_73440_2
seg_314, -6.1e-06, VDD_86400_73440_2, VDD_81000_73440_2
seg_315, -4.94e-06, VDD_91800_73440_2, VDD_86400_73440_2
seg_316, -3.71e-07, VDD_97200_73440_2, VDD_91800_73440_2
seg_317, 0, VDD_102600_73440_2, VDD_97200_73440_2
seg_318, 0, VDD_108000_73440_2, VDD_102600_73440_2
seg_319, 0, VDD_113400_73440_2, VDD_108000_73440_2
seg_320, -3.59e-05, VDD_5400_68000_2, VDD_7060_68000_3
seg_321, 0, VDD_5400_68000_2, VDD_0_68000_2
seg_322, -3.55e-05, VDD_10800_68000_2, VDD_5400_68000_2
seg_323, -2.99e-05, VDD_16200_68000_2, VDD_10800_68000_2
seg_324, -1.07e-05, VDD_21600_68000_2, VDD_16200_68000_2
seg_325, -1.57e-06, VDD_27000_68000_2, VDD_21600_68000_2
seg_326, -1.57e-06, VDD_32400_68000_2, VDD_27000_68000_2
seg_327, 3.39e-06, VDD_37800_68000_2, VDD_32400_68000_2
seg_328, 3.39e-06, VDD_43200_68000_2, VDD_37800_68000_2
seg_329, 8.39e-06, VDD_48600_68000_2, VDD_43200_68000_2
seg_330, 1.29e-05, VDD_54000_68000_2, VDD_48600_68000_2
seg_331, 1.4e-05, VDD_59400_68000_2, VDD_54000_68000_2
seg_332, -3.75e-05, VDD_64800_68000_2, VDD_63060_68000_3
seg_333, 1.44e-05, VDD_64800_68000_2, VDD_59400_68000_2
seg_334, -1.6e-05, VDD_70200_68000_2, VDD_64800_68000_2
seg_335, -1.6e-05, VDD_75600_68000_2, VDD_70200_68000_2
seg_336, -1.09e-05, VDD_81000_68000_2, VDD_75600_68000_2
seg_337, -1.05e-05, VDD_86400_68000_2, VDD_81000_68000_2
seg_338, -5.44e-06, VDD_91800_68000_2, VDD_86400_68000_2
seg_339, -5.09e-06, VDD_97200_68000_2, VDD_91800_68000_2
seg_340, -2.02e-06, VDD_102600_68000_2, VDD_97200_68000_2
seg_341, 0, VDD_108000_68000_2, VDD_102600_68000_2
seg_342, 0, VDD_113400_68000_2, VDD_108000_68000_2
seg_343, -3.28e-05, VDD_5400_62560_2, VDD_7060_62560_3
seg_344, 0, VDD_5400_62560_2, VDD_0_62560_2
seg_345, -2.37e-05, VDD_10800_62560_2, VDD_5400_62560_2
seg_346, -2.37e-05, VDD_16200_62560_2, VDD_10800_62560_2
seg_347, -2.29e-05, VDD_21600_62560_2, VDD_16200_62560_2
seg_348, -1.8e-05, VDD_27000_62560_2, VDD_21600_62560_2
seg_349, -1.69e-05, VDD_32400_62560_2, VDD_27000_62560_2
seg_350, -2.26e-06, VDD_37800_62560_2, VDD_32400_62560_2
seg_351, 2.33e-06, VDD_43200_62560_2, VDD_37800_62560_2
seg_352, 1.15e-05, VDD_48600_62560_2, VDD_43200_62560_2
seg_353, 1.19e-05, VDD_54000_62560_2, VDD_48600_62560_2
seg_354, 1.22e-05, VDD_59400_62560_2, VDD_54000_62560_2
seg_355, -4.07e-05, VDD_64800_62560_2, VDD_63060_62560_3
seg_356, 2.14e-05, VDD_64800_62560_2, VDD_59400_62560_2
seg_357, -1.93e-05, VDD_70200_62560_2, VDD_64800_62560_2
seg_358, -1.85e-05, VDD_75600_62560_2, VDD_70200_62560_2
seg_359, -1.75e-05, VDD_81000_62560_2, VDD_75600_62560_2
seg_360, -1.69e-05, VDD_86400_62560_2, VDD_81000_62560_2
seg_361, -1.05e-05, VDD_91800_62560_2, VDD_86400_62560_2
seg_362, -5.06e-06, VDD_97200_62560_2, VDD_91800_62560_2
seg_363, -4.88e-06, VDD_102600_62560_2, VDD_97200_62560_2
seg_364, 0, VDD_108000_62560_2, VDD_102600_62560_2
seg_365, 0, VDD_113400_62560_2, VDD_108000_62560_2
seg_366, -3.69e-05, VDD_5400_57120_2, VDD_7060_57120_3
seg_367, 0, VDD_5400_57120_2, VDD_0_57120_2
seg_368, -2.78e-05, VDD_10800_57120_2, VDD_5400_57120_2
seg_369, -2.78e-05, VDD_16200_57120_2, VDD_10800_57120_2
seg_370, -2.29e-05, VDD_21600_57120_2, VDD_16200_57120_2
seg_371, -1.84e-05, VDD_27000_57120_2, VDD_21600_57120_2
seg_372, -1.8e-05, VDD_32400_57120_2, VDD_27000_57120_2
seg_373, -1.34e-05, VDD_37800_57120_2, VDD_32400_57120_2
seg_374, -1.3e-05, VDD_43200_57120_2, VDD_37800_57120_2
seg_375, -1.07e-05, VDD_48600_57120_2, VDD_43200_57120_2
seg_376, -6.14e-06, VDD_54000_57120_2, VDD_48600_57120_2
seg_377, 2.53e-05, VDD_59400_57120_2, VDD_54000_57120_2
seg_378, -5.09e-05, VDD_64800_57120_2, VDD_63060_57120_3
seg_379, 2.98e-05, VDD_64800_57120_2, VDD_59400_57120_2
seg_380, -2.07e-05, VDD_70200_57120_2, VDD_64800_57120_2
seg_381, -1.98e-05, VDD_75600_57120_2, VDD_70200_57120_2
seg_382, -1.76e-05, VDD_81000_57120_2, VDD_75600_57120_2
seg_383, -1.57e-05, VDD_86400_57120_2, VDD_81000_57120_2
seg_384, -1.01e-05, VDD_91800_57120_2, VDD_86400_57120_2
seg_385, -9.76e-06, VDD_97200_57120_2, VDD_91800_57120_2
seg_386, -6.24e-07, VDD_102600_57120_2, VDD_97200_57120_2
seg_387, -6.24e-07, VDD_108000_57120_2, VDD_102600_57120_2
seg_388, -3.11e-07, VDD_113400_57120_2, VDD_108000_57120_2
seg_389, -2.08e-05, VDD_5400_51680_2, VDD_7060_51680_3
seg_390, 0, VDD_5400_51680_2, VDD_0_51680_2
seg_391, -2.08e-05, VDD_10800_51680_2, VDD_5400_51680_2
seg_392, -2.01e-05, VDD_16200_51680_2, VDD_10800_51680_2
seg_393, -1.87e-05, VDD_21600_51680_2, VDD_16200_51680_2
seg_394, -1.87e-05, VDD_27000_51680_2, VDD_21600_51680_2
seg_395, -1.29e-05, VDD_32400_51680_2, VDD_27000_51680_2
seg_396, -1.29e-05, VDD_37800_51680_2, VDD_32400_51680_2
seg_397, -3.78e-06, VDD_43200_51680_2, VDD_37800_51680_2
seg_398, -3.78e-06, VDD_48600_51680_2, VDD_43200_51680_2
seg_399, 2.52e-06, VDD_54000_51680_2, VDD_48600_51680_2
seg_400, 3.75e-06, VDD_59400_51680_2, VDD_54000_51680_2
seg_401, -3.19e-05, VDD_64800_51680_2, VDD_63060_51680_3
seg_402, 4.74e-06, VDD_64800_51680_2, VDD_59400_51680_2
seg_403, -2.26e-05, VDD_70200_51680_2, VDD_64800_51680_2
seg_404, -2.1e-05, VDD_75600_51680_2, VDD_70200_51680_2
seg_405, -2.07e-05, VDD_81000_51680_2, VDD_75600_51680_2
seg_406, -1.48e-05, VDD_86400_51680_2, VDD_81000_51680_2
seg_407, -1.44e-05, VDD_91800_51680_2, VDD_86400_51680_2
seg_408, -9.4e-06, VDD_97200_51680_2, VDD_91800_51680_2
seg_409, -9.1e-06, VDD_102600_51680_2, VDD_97200_51680_2
seg_410, 0, VDD_108000_51680_2, VDD_102600_51680_2
seg_411, 0, VDD_113400_51680_2, VDD_108000_51680_2
seg_412, -2.1e-05, VDD_5400_46240_2, VDD_7060_46240_3
seg_413, 1.58e-16, VDD_5400_46240_2, VDD_0_46240_2
seg_414, -1.64e-05, VDD_10800_46240_2, VDD_5400_46240_2
seg_415, -1.61e-05, VDD_16200_46240_2, VDD_10800_46240_2
seg_416, -1.05e-05, VDD_21600_46240_2, VDD_16200_46240_2
seg_417, -1.05e-05, VDD_27000_46240_2, VDD_21600_46240_2
seg_418, -8.91e-06, VDD_32400_46240_2, VDD_27000_46240_2
seg_419, -4.3e-06, VDD_37800_46240_2, VDD_32400_46240_2
seg_420, -3.91e-06, VDD_43200_46240_2, VDD_37800_46240_2
seg_421, -2.31e-06, VDD_48600_46240_2, VDD_43200_46240_2
seg_422, -2.31e-06, VDD_54000_46240_2, VDD_48600_46240_2
seg_423, 3.97e-06, VDD_59400_46240_2, VDD_54000_46240_2
seg_424, -2.47e-05, VDD_64800_46240_2, VDD_63060_46240_3
seg_425, 3.97e-06, VDD_64800_46240_2, VDD_59400_46240_2
seg_426, -1.98e-05, VDD_70200_46240_2, VDD_64800_46240_2
seg_427, -1.48e-05, VDD_75600_46240_2, VDD_70200_46240_2
seg_428, -1.33e-05, VDD_81000_46240_2, VDD_75600_46240_2
seg_429, -1.15e-05, VDD_86400_46240_2, VDD_81000_46240_2
seg_430, -1.08e-05, VDD_91800_46240_2, VDD_86400_46240_2
seg_431, -5.76e-06, VDD_97200_46240_2, VDD_91800_46240_2
seg_432, -1.31e-06, VDD_102600_46240_2, VDD_97200_46240_2
seg_433, -1.31e-06, VDD_108000_46240_2, VDD_102600_46240_2
seg_434, -2.64e-07, VDD_113400_46240_2, VDD_108000_46240_2
seg_435, -3.17e-05, VDD_5400_40800_2, VDD_7060_40800_3
seg_436, 0, VDD_5400_40800_2, VDD_0_40800_2
seg_437, -2.72e-05, VDD_10800_40800_2, VDD_5400_40800_2
seg_438, -2.68e-05, VDD_16200_40800_2, VDD_10800_40800_2
seg_439, -2.6e-05, VDD_21600_40800_2, VDD_16200_40800_2
seg_440, -2.15e-05, VDD_27000_40800_2, VDD_21600_40800_2
seg_441, -2.11e-05, VDD_32400_40800_2, VDD_27000_40800_2
seg_442, -3.94e-06, VDD_37800_40800_2, VDD_32400_40800_2
seg_443, -2.57e-06, VDD_43200_40800_2, VDD_37800_40800_2
seg_444, -2.57e-06, VDD_48600_40800_2, VDD_43200_40800_2
seg_445, 2.36e-06, VDD_54000_40800_2, VDD_48600_40800_2
seg_446, 2.76e-06, VDD_59400_40800_2, VDD_54000_40800_2
seg_447, -4.34e-05, VDD_64800_40800_2, VDD_63060_40800_3
seg_448, 3.98e-06, VDD_64800_40800_2, VDD_59400_40800_2
seg_449, -3.9e-05, VDD_70200_40800_2, VDD_64800_40800_2
seg_450, -3.75e-05, VDD_75600_40800_2, VDD_70200_40800_2
seg_451, -3.63e-05, VDD_81000_40800_2, VDD_75600_40800_2
seg_452, -3.59e-05, VDD_86400_40800_2, VDD_81000_40800_2
seg_453, -1.97e-05, VDD_91800_40800_2, VDD_86400_40800_2
seg_454, -7.07e-06, VDD_97200_40800_2, VDD_91800_40800_2
seg_455, -5.35e-06, VDD_102600_40800_2, VDD_97200_40800_2
seg_456, -2.6e-07, VDD_108000_40800_2, VDD_102600_40800_2
seg_457, 0, VDD_113400_40800_2, VDD_108000_40800_2
seg_458, -5.07e-05, VDD_5400_35360_2, VDD_7060_35360_3
seg_459, 0, VDD_5400_35360_2, VDD_0_35360_2
seg_460, -4.15e-05, VDD_10800_35360_2, VDD_5400_35360_2
seg_461, -4.15e-05, VDD_16200_35360_2, VDD_10800_35360_2
seg_462, -3.6e-05, VDD_21600_35360_2, VDD_16200_35360_2
seg_463, -3.6e-05, VDD_27000_35360_2, VDD_21600_35360_2
seg_464, -1.35e-05, VDD_32400_35360_2, VDD_27000_35360_2
seg_465, -8.9e-06, VDD_37800_35360_2, VDD_32400_35360_2
seg_466, 5.73e-06, VDD_43200_35360_2, VDD_37800_35360_2
seg_467, 5.73e-06, VDD_48600_35360_2, VDD_43200_35360_2
seg_468, 1.03e-05, VDD_54000_35360_2, VDD_48600_35360_2
seg_469, 1.59e-05, VDD_59400_35360_2, VDD_54000_35360_2
seg_470, -6.19e-05, VDD_64800_35360_2, VDD_63060_35360_3
seg_471, 1.59e-05, VDD_64800_35360_2, VDD_59400_35360_2
seg_472, -3.52e-05, VDD_70200_35360_2, VDD_64800_35360_2
seg_473, -3.52e-05, VDD_75600_35360_2, VDD_70200_35360_2
seg_474, -3.03e-05, VDD_81000_35360_2, VDD_75600_35360_2
seg_475, -1.91e-05, VDD_86400_35360_2, VDD_81000_35360_2
seg_476, -1.43e-05, VDD_91800_35360_2, VDD_86400_35360_2
seg_477, -9.75e-06, VDD_97200_35360_2, VDD_91800_35360_2
seg_478, -5.29e-06, VDD_102600_35360_2, VDD_97200_35360_2
seg_479, -8.11e-07, VDD_108000_35360_2, VDD_102600_35360_2
seg_480, -4.09e-07, VDD_113400_35360_2, VDD_108000_35360_2
seg_481, -2.87e-05, VDD_5400_29920_2, VDD_7060_29920_3
seg_482, 0, VDD_5400_29920_2, VDD_0_29920_2
seg_483, -2.83e-05, VDD_10800_29920_2, VDD_5400_29920_2
seg_484, -2.75e-05, VDD_16200_29920_2, VDD_10800_29920_2
seg_485, -2.61e-05, VDD_21600_29920_2, VDD_16200_29920_2
seg_486, -2.61e-05, VDD_27000_29920_2, VDD_21600_29920_2
seg_487, -2.03e-05, VDD_32400_29920_2, VDD_27000_29920_2
seg_488, -2.03e-05, VDD_37800_29920_2, VDD_32400_29920_2
seg_489, -1.58e-05, VDD_43200_29920_2, VDD_37800_29920_2
seg_490, -1.54e-05, VDD_48600_29920_2, VDD_43200_29920_2
seg_491, 3.26e-06, VDD_54000_29920_2, VDD_48600_29920_2
seg_492, 8.25e-06, VDD_59400_29920_2, VDD_54000_29920_2
seg_493, -4.45e-05, VDD_64800_29920_2, VDD_63060_29920_3
seg_494, 1.75e-05, VDD_64800_29920_2, VDD_59400_29920_2
seg_495, -2.21e-05, VDD_70200_29920_2, VDD_64800_29920_2
seg_496, -2.17e-05, VDD_75600_29920_2, VDD_70200_29920_2
seg_497, -2.07e-05, VDD_81000_29920_2, VDD_75600_29920_2
seg_498, -1.92e-05, VDD_86400_29920_2, VDD_81000_29920_2
seg_499, -1.45e-05, VDD_91800_29920_2, VDD_86400_29920_2
seg_500, -9.61e-06, VDD_97200_29920_2, VDD_91800_29920_2
seg_501, -9.38e-06, VDD_102600_29920_2, VDD_97200_29920_2
seg_502, 0, VDD_108000_29920_2, VDD_102600_29920_2
seg_503, 0, VDD_113400_29920_2, VDD_108000_29920_2
seg_504, -3.04e-05, VDD_5400_24480_2, VDD_7060_24480_3
seg_505, 0, VDD_5400_24480_2, VDD_0_24480_2
seg_506, -2.13e-05, VDD_10800_24480_2, VDD_5400_24480_2
seg_507, -2.13e-05, VDD_16200_24480_2, VDD_10800_24480_2
seg_508, -1.64e-05, VDD_21600_24480_2, VDD_16200_24480_2
seg_509, -1.64e-05, VDD_27000_24480_2, VDD_21600_24480_2
seg_510, -1.14e-05, VDD_32400_24480_2, VDD_27000_24480_2
seg_511, -6.89e-06, VDD_37800_24480_2, VDD_32400_24480_2
seg_512, -2.32e-06, VDD_43200_24480_2, VDD_37800_24480_2
seg_513, -1.24e-06, VDD_48600_24480_2, VDD_43200_24480_2
seg_514, -1.24e-06, VDD_54000_24480_2, VDD_48600_24480_2
seg_515, 3.68e-06, VDD_59400_24480_2, VDD_54000_24480_2
seg_516, -3.69e-05, VDD_64800_24480_2, VDD_63060_24480_3
seg_517, 4.73e-06, VDD_64800_24480_2, VDD_59400_24480_2
seg_518, -2.76e-05, VDD_70200_24480_2, VDD_64800_24480_2
seg_519, -2.15e-05, VDD_75600_24480_2, VDD_70200_24480_2
seg_520, -1.58e-05, VDD_81000_24480_2, VDD_75600_24480_2
seg_521, -1.58e-05, VDD_86400_24480_2, VDD_81000_24480_2
seg_522, -9.95e-06, VDD_91800_24480_2, VDD_86400_24480_2
seg_523, -9.95e-06, VDD_97200_24480_2, VDD_91800_24480_2
seg_524, -4.77e-06, VDD_102600_24480_2, VDD_97200_24480_2
seg_525, -2.47e-07, VDD_108000_24480_2, VDD_102600_24480_2
seg_526, -2.47e-07, VDD_113400_24480_2, VDD_108000_24480_2
seg_527, -2.34e-05, VDD_5400_19040_2, VDD_7060_19040_3
seg_528, 0, VDD_5400_19040_2, VDD_0_19040_2
seg_529, -1.88e-05, VDD_10800_19040_2, VDD_5400_19040_2
seg_530, -1.84e-05, VDD_16200_19040_2, VDD_10800_19040_2
seg_531, -1.84e-05, VDD_21600_19040_2, VDD_16200_19040_2
seg_532, -1.28e-05, VDD_27000_19040_2, VDD_21600_19040_2
seg_533, -1.28e-05, VDD_32400_19040_2, VDD_27000_19040_2
seg_534, -1.2e-05, VDD_37800_19040_2, VDD_32400_19040_2
seg_535, -1.17e-05, VDD_43200_19040_2, VDD_37800_19040_2
seg_536, -1.13e-05, VDD_48600_19040_2, VDD_43200_19040_2
seg_537, -6.34e-06, VDD_54000_19040_2, VDD_48600_19040_2
seg_538, -1.76e-06, VDD_59400_19040_2, VDD_54000_19040_2
seg_539, -3.74e-05, VDD_64800_19040_2, VDD_63060_19040_3
seg_540, -1.39e-06, VDD_64800_19040_2, VDD_59400_19040_2
seg_541, -2.13e-05, VDD_70200_19040_2, VDD_64800_19040_2
seg_542, -2.07e-05, VDD_75600_19040_2, VDD_70200_19040_2
seg_543, -2e-05, VDD_81000_19040_2, VDD_75600_19040_2
seg_544, -1.97e-05, VDD_86400_19040_2, VDD_81000_19040_2
seg_545, -1.43e-05, VDD_91800_19040_2, VDD_86400_19040_2
seg_546, -9.71e-06, VDD_97200_19040_2, VDD_91800_19040_2
seg_547, -9.11e-06, VDD_102600_19040_2, VDD_97200_19040_2
seg_548, 0, VDD_108000_19040_2, VDD_102600_19040_2
seg_549, 0, VDD_113400_19040_2, VDD_108000_19040_2
seg_550, -2.94e-05, VDD_5400_13600_2, VDD_7060_13600_3
seg_551, 0, VDD_5400_13600_2, VDD_0_13600_2
seg_552, -2.94e-05, VDD_10800_13600_2, VDD_5400_13600_2
seg_553, -2.45e-05, VDD_16200_13600_2, VDD_10800_13600_2
seg_554, -2.3e-05, VDD_21600_13600_2, VDD_16200_13600_2
seg_555, -2.3e-05, VDD_27000_13600_2, VDD_21600_13600_2
seg_556, -1.8e-05, VDD_32400_13600_2, VDD_27000_13600_2
seg_557, -1.77e-05, VDD_37800_13600_2, VDD_32400_13600_2
seg_558, -1.21e-05, VDD_43200_13600_2, VDD_37800_13600_2
seg_559, -1.21e-05, VDD_48600_13600_2, VDD_43200_13600_2
seg_560, -1.13e-05, VDD_54000_13600_2, VDD_48600_13600_2
seg_561, -5.68e-06, VDD_59400_13600_2, VDD_54000_13600_2
seg_562, -5.56e-05, VDD_64800_13600_2, VDD_63060_13600_3
seg_563, -5.68e-06, VDD_64800_13600_2, VDD_59400_13600_2
seg_564, -6.05e-05, VDD_70200_13600_2, VDD_64800_13600_2
seg_565, -5.49e-05, VDD_75600_13600_2, VDD_70200_13600_2
seg_566, -5.46e-05, VDD_81000_13600_2, VDD_75600_13600_2
seg_567, -2.65e-05, VDD_86400_13600_2, VDD_81000_13600_2
seg_568, -2.65e-05, VDD_91800_13600_2, VDD_86400_13600_2
seg_569, -5.88e-06, VDD_97200_13600_2, VDD_91800_13600_2
seg_570, -5.32e-06, VDD_102600_13600_2, VDD_97200_13600_2
seg_571, -6.9e-07, VDD_108000_13600_2, VDD_102600_13600_2
seg_572, 0, VDD_113400_13600_2, VDD_108000_13600_2
seg_573, -3.19e-05, VDD_5400_8160_2, VDD_7060_8160_3
seg_574, 0, VDD_5400_8160_2, VDD_0_8160_2
seg_575, -2.28e-05, VDD_10800_8160_2, VDD_5400_8160_2
seg_576, -2.28e-05, VDD_16200_8160_2, VDD_10800_8160_2
seg_577, -1.82e-05, VDD_21600_8160_2, VDD_16200_8160_2
seg_578, -1.36e-05, VDD_27000_8160_2, VDD_21600_8160_2
seg_579, -1.36e-05, VDD_32400_8160_2, VDD_27000_8160_2
seg_580, -8.66e-06, VDD_37800_8160_2, VDD_32400_8160_2
seg_581, -3.72e-06, VDD_43200_8160_2, VDD_37800_8160_2
seg_582, -3.72e-06, VDD_48600_8160_2, VDD_43200_8160_2
seg_583, 1.21e-06, VDD_54000_8160_2, VDD_48600_8160_2
seg_584, 6.15e-06, VDD_59400_8160_2, VDD_54000_8160_2
seg_585, -4.69e-05, VDD_64800_8160_2, VDD_63060_8160_3
seg_586, 6.54e-06, VDD_64800_8160_2, VDD_59400_8160_2
seg_587, -3.12e-05, VDD_70200_8160_2, VDD_64800_8160_2
seg_588, -3.12e-05, VDD_75600_8160_2, VDD_70200_8160_2
seg_589, -2.57e-05, VDD_81000_8160_2, VDD_75600_8160_2
seg_590, -1.47e-05, VDD_86400_8160_2, VDD_81000_8160_2
seg_591, -1.43e-05, VDD_91800_8160_2, VDD_86400_8160_2
seg_592, -9.32e-06, VDD_97200_8160_2, VDD_91800_8160_2
seg_593, -4.86e-06, VDD_102600_8160_2, VDD_97200_8160_2
seg_594, 0, VDD_108000_8160_2, VDD_102600_8160_2
seg_595, 0, VDD_113400_8160_2, VDD_108000_8160_2
