Instance name,  X location,  Y location,  Voltage
_431_, 10.8, 100.64, 1.79955
_560_, 27, 100.64, 1.79949
_592_, 27, 100.64, 1.79949
_454_, 37.8, 100.64, 1.79948
_584_, 37.8, 100.64, 1.79948
_459_, 48.6, 100.64, 1.79948
_432_, 54, 100.64, 1.79948
_564_, 54, 100.64, 1.79948
_450_, 59.4, 100.64, 1.79949
_586_, 64.8, 100.64, 1.7995
_457_, 70.2, 100.64, 1.79949
_430_, 75.6, 100.64, 1.79948
_578_, 75.6, 100.64, 1.79948
_421_, 5.4, 95.2, 1.79956
_301_, 10.8, 95.2, 1.79954
_563_, 10.8, 95.2, 1.79954
_449_, 16.2, 95.2, 1.79952
_458_, 21.6, 95.2, 1.79951
_463_, 27, 95.2, 1.79949
_426_, 32.4, 95.2, 1.79948
_230_, 37.8, 95.2, 1.79947
_568_, 37.8, 95.2, 1.79947
_422_, 48.6, 95.2, 1.79946
_556_, 48.6, 95.2, 1.79946
_306_, 54, 95.2, 1.79947
_580_, 54, 95.2, 1.79947
_554_, 64.8, 95.2, 1.79949
_562_, 70.2, 95.2, 1.79948
_296_, 75.6, 95.2, 1.79948
_448_, 81, 95.2, 1.79948
_555_, 5.4, 89.76, 1.79949
_587_, 5.4, 89.76, 1.79949
_579_, 16.2, 89.76, 1.79944
_507_, 21.6, 89.76, 1.79942
_539_, 27, 89.76, 1.79941
_571_, 27, 89.76, 1.79941
_436_, 37.8, 89.76, 1.79941
_390_, 43.2, 89.76, 1.79941
_588_, 43.2, 89.76, 1.79941
_441_, 48.6, 89.76, 1.79942
_572_, 54, 89.76, 1.79943
_405_, 59.4, 89.76, 1.79945
_388_, 70.2, 89.76, 1.79945
_420_, 70.2, 89.76, 1.79945
_407_, 75.6, 89.76, 1.79943
_443_, 75.6, 89.76, 1.79943
_522_, 81, 89.76, 1.79941
_297_, 86.4, 89.76, 1.79941
_439_, 91.8, 89.76, 1.7994
_570_, 97.2, 89.76, 1.79939
_462_, 5.4, 84.32, 1.79959
_435_, 10.8, 84.32, 1.79956
_567_, 10.8, 84.32, 1.79956
_365_, 21.6, 84.32, 1.79953
_523_, 21.6, 84.32, 1.79953
_302_, 27, 84.32, 1.79952
_440_, 32.4, 84.32, 1.79951
_370_, 37.8, 84.32, 1.7995
_404_, 37.8, 84.32, 1.7995
_231_, 43.2, 84.32, 1.79949
_576_, 43.2, 84.32, 1.79949
_307_, 54, 84.32, 1.79949
_540_, 54, 84.32, 1.79949
_526_, 64.8, 84.32, 1.79951
_317_, 70.2, 84.32, 1.79949
_364_, 81, 84.32, 1.79946
_506_, 81, 84.32, 1.79946
_384_, 86.4, 84.32, 1.79946
_538_, 86.4, 84.32, 1.79946
_403_, 91.8, 84.32, 1.79946
_425_, 5.4, 78.88, 1.79946
_559_, 5.4, 78.88, 1.79946
_321_, 10.8, 78.88, 1.79941
_583_, 16.2, 78.88, 1.79937
_385_, 27, 78.88, 1.79929
_389_, 27, 78.88, 1.79929
_444_, 32.4, 78.88, 1.79925
_445_, 32.4, 78.88, 1.79925
_512_, 37.8, 78.88, 1.79921
_528_, 37.8, 78.88, 1.79921
clkbuf_4_6_0_wr_clk, 48.6, 78.88, 1.79917
clkbuf_4_7_0_wr_clk, 48.6, 78.88, 1.79917
_508_, 54, 78.88, 1.79918
_524_, 54, 78.88, 1.79918
_374_, 59.4, 78.88, 1.7992
_368_, 64.8, 78.88, 1.79922
_510_, 64.8, 78.88, 1.79922
_542_, 70.2, 78.88, 1.79917
_574_, 70.2, 78.88, 1.79917
_286_, 81, 78.88, 1.79909
_391_, 81, 78.88, 1.79909
clkbuf_4_13_0_wr_clk, 81, 78.88, 1.79909
clkbuf_4_15_0_wr_clk, 86.4, 78.88, 1.79907
_363_, 91.8, 78.88, 1.79906
_446_, 91.8, 78.88, 1.79906
_456_, 91.8, 78.88, 1.79906
_361_, 97.2, 78.88, 1.79906
_591_, 5.4, 73.44, 1.79963
_460_, 10.8, 73.44, 1.7996
_451_, 16.2, 73.44, 1.79957
_453_, 16.2, 73.44, 1.79957
_369_, 21.6, 73.44, 1.79955
_527_, 21.6, 73.44, 1.79955
_322_, 27, 73.44, 1.79953
_575_, 32.4, 73.44, 1.79951
_408_, 37.8, 73.44, 1.79949
_409_, 43.2, 73.44, 1.79948
_544_, 43.2, 73.44, 1.79948
_366_, 54, 73.44, 1.79947
_585_, 54, 73.44, 1.79947
_386_, 59.4, 73.44, 1.79947
_455_, 64.8, 73.44, 1.79948
_434_, 70.2, 73.44, 1.79942
_582_, 70.2, 73.44, 1.79942
clkbuf_4_12_0_wr_clk, 75.6, 73.44, 1.79938
_529_, 81, 73.44, 1.79935
clkbuf_4_14_0_wr_clk, 81, 73.44, 1.79935
_236_, 86.4, 73.44, 1.79934
_577_, 91.8, 73.44, 1.79933
_410_, 97.2, 73.44, 1.79933
_423_, 5.4, 68, 1.79962
_311_, 10.8, 68, 1.79957
_565_, 10.8, 68, 1.79957
clkbuf_4_5_0_wr_clk, 16.2, 68, 1.79953
_511_, 21.6, 68, 1.79951
_581_, 21.6, 68, 1.79951
_387_, 32.4, 68, 1.79951
_543_, 32.4, 68, 1.79951
_406_, 43.2, 68, 1.79952
_593_, 43.2, 68, 1.79952
_569_, 48.6, 68, 1.79953
_235_, 54, 68, 1.79955
_437_, 59.4, 68, 1.79957
_316_, 64.8, 68, 1.79959
_438_, 64.8, 68, 1.79959
_566_, 64.8, 68, 1.79959
_401_, 75.6, 68, 1.79954
_513_, 75.6, 68, 1.79954
_371_, 81, 68, 1.79953
_428_, 86.4, 68, 1.79951
_545_, 86.4, 68, 1.79951
_289_, 91.8, 68, 1.7995
_402_, 97.2, 68, 1.7995
_429_, 97.2, 68, 1.7995
_284_, 102.6, 68, 1.79949
_447_, 102.6, 68, 1.79949
_557_, 5.4, 62.56, 1.79972
_589_, 5.4, 62.56, 1.79972
_433_, 16.2, 62.56, 1.79965
_442_, 16.2, 62.56, 1.79965
_367_, 21.6, 62.56, 1.79962
_509_, 21.6, 62.56, 1.79962
_312_, 27, 62.56, 1.7996
clkbuf_4_4_0_wr_clk, 32.4, 62.56, 1.79957
_541_, 37.8, 62.56, 1.79957
_561_, 43.2, 62.56, 1.79957
_634_, 43.2, 62.56, 1.79957
_414_, 48.6, 62.56, 1.79959
_427_, 54, 62.56, 1.79961
_558_, 59.4, 62.56, 1.79962
_590_, 59.4, 62.56, 1.79962
_372_, 70.2, 62.56, 1.79963
_424_, 70.2, 62.56, 1.79963
_362_, 75.6, 62.56, 1.7996
_452_, 75.6, 62.56, 1.7996
_373_, 81, 62.56, 1.79958
_283_, 86.4, 62.56, 1.79955
_287_, 86.4, 62.56, 1.79955
_626_, 86.4, 62.56, 1.79955
_625_, 91.8, 62.56, 1.79954
_279_, 97.2, 62.56, 1.79953
_288_, 102.6, 62.56, 1.79952
_630_, 102.6, 62.56, 1.79952
_515_, 5.4, 57.12, 1.79961
_531_, 5.4, 57.12, 1.79961
_467_, 16.2, 57.12, 1.79953
_633_, 16.2, 57.12, 1.79953
_525_, 21.6, 57.12, 1.7995
_413_, 27, 57.12, 1.79948
_573_, 32.4, 57.12, 1.79945
_395_, 37.8, 57.12, 1.79943
_305_, 43.2, 57.12, 1.79941
_411_, 43.2, 57.12, 1.79941
_548_, 48.6, 57.12, 1.7994
_397_, 54, 57.12, 1.79939
clkbuf_0_wr_clk, 54, 57.12, 1.79939
_636_, 59.4, 57.12, 1.79943
_461_, 64.8, 57.12, 1.79947
_464_, 70.2, 57.12, 1.79944
_470_, 70.2, 57.12, 1.79944
_277_, 75.6, 57.12, 1.79941
_344_, 75.6, 57.12, 1.79941
_282_, 81, 57.12, 1.79939
_383_, 81, 57.12, 1.79939
_278_, 86.4, 57.12, 1.79936
_624_, 86.4, 57.12, 1.79936
_285_, 91.8, 57.12, 1.79935
_595_, 97.2, 57.12, 1.79934
_629_, 97.2, 57.12, 1.79934
_268_, 108, 57.12, 1.79933
_265_, 113.4, 57.12, 1.79933
_376_, 10.8, 51.68, 1.79966
_394_, 10.8, 51.68, 1.79966
_300_, 16.2, 51.68, 1.79963
_469_, 16.2, 51.68, 1.79963
_303_, 27, 51.68, 1.79958
_547_, 27, 51.68, 1.79958
_516_, 37.8, 51.68, 1.79955
_532_, 37.8, 51.68, 1.79955
_377_, 48.6, 51.68, 1.79954
_392_, 48.6, 51.68, 1.79954
_534_, 48.6, 51.68, 1.79954
_308_, 54, 51.68, 1.79954
_315_, 59.4, 51.68, 1.79954
_550_, 64.8, 51.68, 1.79955
_318_, 70.2, 51.68, 1.79952
_416_, 70.2, 51.68, 1.79952
_275_, 75.6, 51.68, 1.79949
_281_, 81, 51.68, 1.79946
_623_, 81, 51.68, 1.79946
_324_, 86.4, 51.68, 1.79944
_293_, 91.8, 51.68, 1.79942
_628_, 91.8, 51.68, 1.79942
_266_, 97.2, 51.68, 1.79941
_600_, 102.6, 51.68, 1.79939
_602_, 102.6, 51.68, 1.79939
_517_, 5.4, 46.24, 1.79965
_378_, 10.8, 46.24, 1.79962
_310_, 16.2, 46.24, 1.7996
_635_, 16.2, 46.24, 1.7996
_313_, 27, 46.24, 1.79957
_415_, 27, 46.24, 1.79957
_638_, 32.4, 46.24, 1.79956
_381_, 37.8, 46.24, 1.79955
_232_, 43.2, 46.24, 1.79955
_418_, 43.2, 46.24, 1.79955
_379_, 54, 46.24, 1.79954
_465_, 54, 46.24, 1.79954
_518_, 54, 46.24, 1.79954
_468_, 64.8, 46.24, 1.79955
_472_, 64.8, 46.24, 1.79955
_473_, 70.2, 46.24, 1.79952
_632_, 70.2, 46.24, 1.79952
_325_, 75.6, 46.24, 1.7995
_273_, 81, 46.24, 1.79949
_274_, 81, 46.24, 1.79949
_276_, 81, 46.24, 1.79949
_280_, 86.4, 46.24, 1.79947
_292_, 86.4, 46.24, 1.79947
_290_, 91.8, 46.24, 1.79945
_631_, 91.8, 46.24, 1.79945
_597_, 97.2, 46.24, 1.79945
_270_, 108, 46.24, 1.79944
_271_, 108, 46.24, 1.79944
_226_, 113.4, 46.24, 1.79944
_533_, 5.4, 40.8, 1.79953
_380_, 10.8, 40.8, 1.79949
_396_, 16.2, 40.8, 1.79945
_398_, 16.2, 40.8, 1.79945
_549_, 21.6, 40.8, 1.79941
_417_, 27, 40.8, 1.79938
_520_, 32.4, 40.8, 1.79935
clkbuf_4_1_0_wr_clk, 32.4, 40.8, 1.79935
_229_, 37.8, 40.8, 1.79935
_399_, 37.8, 40.8, 1.79935
_382_, 48.6, 40.8, 1.79934
_521_, 48.6, 40.8, 1.79934
_400_, 54, 40.8, 1.79934
_237_, 59.4, 40.8, 1.79935
_419_, 64.8, 40.8, 1.79935
_261_, 70.2, 40.8, 1.7993
_295_, 70.2, 40.8, 1.7993
_375_, 70.2, 40.8, 1.7993
_298_, 75.6, 40.8, 1.79925
_412_, 81, 40.8, 1.7992
_627_, 86.4, 40.8, 1.79915
clkbuf_4_10_0_wr_clk, 86.4, 40.8, 1.79915
clkbuf_4_11_0_wr_clk, 91.8, 40.8, 1.79912
_269_, 97.2, 40.8, 1.79911
_334_, 97.2, 40.8, 1.79911
_272_, 102.6, 40.8, 1.7991
_603_, 102.6, 40.8, 1.7991
_267_, 108, 40.8, 1.7991
_519_, 5.4, 35.36, 1.79936
_535_, 5.4, 35.36, 1.79936
_320_, 16.2, 35.36, 1.79924
_637_, 16.2, 35.36, 1.79924
_551_, 27, 35.36, 1.79914
clkbuf_4_0_0_wr_clk, 27, 35.36, 1.79914
_536_, 32.4, 35.36, 1.79912
_355_, 37.8, 35.36, 1.79911
_552_, 37.8, 35.36, 1.79911
clkbuf_4_3_0_wr_clk, 37.8, 35.36, 1.79911
_537_, 48.6, 35.36, 1.79912
_234_, 54, 35.36, 1.79914
_553_, 54, 35.36, 1.79914
_291_, 64.8, 35.36, 1.79918
_514_, 64.8, 35.36, 1.79918
_530_, 64.8, 35.36, 1.79918
_466_, 75.6, 35.36, 1.79908
_546_, 75.6, 35.36, 1.79908
clkbuf_4_8_0_wr_clk, 81, 35.36, 1.79904
_263_, 86.4, 35.36, 1.79901
_608_, 86.4, 35.36, 1.79901
_613_, 91.8, 35.36, 1.79899
_598_, 97.2, 35.36, 1.79898
_607_, 102.6, 35.36, 1.79897
_243_, 108, 35.36, 1.79897
_343_, 113.4, 35.36, 1.79897
_471_, 5.4, 29.92, 1.79955
_331_, 10.8, 29.92, 1.79951
_356_, 10.8, 29.92, 1.79951
_319_, 16.2, 29.92, 1.79947
_358_, 16.2, 29.92, 1.79947
_323_, 27, 29.92, 1.7994
_495_, 27, 29.92, 1.7994
_500_, 37.8, 29.92, 1.79934
_337_, 43.2, 29.92, 1.79932
_492_, 48.6, 29.92, 1.7993
clkbuf_4_2_0_wr_clk, 48.6, 29.92, 1.7993
_347_, 54, 29.92, 1.7993
_639_, 54, 29.92, 1.7993
clkbuf_4_9_0_wr_clk, 59.4, 29.92, 1.79931
_349_, 64.8, 29.92, 1.79934
_494_, 64.8, 29.92, 1.79934
_393_, 70.2, 29.92, 1.79931
_246_, 75.6, 29.92, 1.79928
_257_, 75.6, 29.92, 1.79928
_259_, 81, 29.92, 1.79925
_260_, 81, 29.92, 1.79925
_262_, 81, 29.92, 1.79925
_622_, 86.4, 29.92, 1.79922
_618_, 91.8, 29.92, 1.7992
_240_, 97.2, 29.92, 1.79918
_241_, 102.6, 29.92, 1.79917
_605_, 102.6, 29.92, 1.79917
_612_, 102.6, 29.92, 1.79917
_479_, 5.4, 24.48, 1.79956
_503_, 5.4, 24.48, 1.79956
_340_, 16.2, 24.48, 1.7995
_487_, 16.2, 24.48, 1.7995
_350_, 27, 24.48, 1.79946
_493_, 27, 24.48, 1.79946
_476_, 32.4, 24.48, 1.79944
_484_, 37.8, 24.48, 1.79943
_304_, 43.2, 24.48, 1.79943
_330_, 54, 24.48, 1.79942
_478_, 54, 24.48, 1.79942
_314_, 59.4, 24.48, 1.79943
_486_, 64.8, 24.48, 1.79944
_616_, 70.2, 24.48, 1.7994
_617_, 75.6, 24.48, 1.79937
_255_, 86.4, 24.48, 1.79932
_264_, 86.4, 24.48, 1.79932
_620_, 86.4, 24.48, 1.79932
_238_, 97.2, 24.48, 1.79929
_245_, 97.2, 24.48, 1.79929
_604_, 97.2, 24.48, 1.79929
_609_, 102.6, 24.48, 1.79929
_227_, 113.4, 24.48, 1.79929
_477_, 5.4, 19.04, 1.79966
_329_, 10.8, 19.04, 1.79964
_309_, 21.6, 19.04, 1.79959
_485_, 21.6, 19.04, 1.79959
_338_, 32.4, 19.04, 1.79955
_348_, 32.4, 19.04, 1.79955
_328_, 37.8, 19.04, 1.79953
_351_, 43.2, 19.04, 1.79952
_357_, 48.6, 19.04, 1.7995
_505_, 48.6, 19.04, 1.7995
_502_, 54, 19.04, 1.79949
_352_, 59.4, 19.04, 1.79949
_339_, 64.8, 19.04, 1.79949
clkbuf_1_0__f_rd_clk, 64.8, 19.04, 1.79949
_224_, 70.2, 19.04, 1.79946
_335_, 70.2, 19.04, 1.79946
_258_, 75.6, 19.04, 1.79943
_345_, 75.6, 19.04, 1.79943
_256_, 81, 19.04, 1.7994
_250_, 86.4, 19.04, 1.79937
_621_, 86.4, 19.04, 1.79937
_611_, 91.8, 19.04, 1.79935
_244_, 97.2, 19.04, 1.79934
_606_, 102.6, 19.04, 1.79932
_610_, 102.6, 19.04, 1.79932
_327_, 10.8, 13.6, 1.79963
_501_, 10.8, 13.6, 1.79963
_299_, 16.2, 13.6, 1.79959
_336_, 16.2, 13.6, 1.79959
_346_, 27, 13.6, 1.79953
_504_, 27, 13.6, 1.79953
_332_, 32.4, 13.6, 1.7995
_228_, 37.8, 13.6, 1.79948
_488_, 37.8, 13.6, 1.79948
_333_, 48.6, 13.6, 1.79944
_359_, 48.6, 13.6, 1.79944
_233_, 54, 13.6, 1.79943
_489_, 54, 13.6, 1.79943
_326_, 64.8, 13.6, 1.79941
_353_, 64.8, 13.6, 1.79941
_294_, 70.2, 13.6, 1.79933
_482_, 70.2, 13.6, 1.79933
_223_, 75.6, 13.6, 1.79925
_615_, 81, 13.6, 1.79917
clkbuf_1_1__f_rd_clk, 81, 13.6, 1.79917
_596_, 91.8, 13.6, 1.7991
clkbuf_0_rd_clk, 91.8, 13.6, 1.7991
_249_, 97.2, 13.6, 1.79909
_601_, 102.6, 13.6, 1.79908
_239_, 108, 13.6, 1.79908
_254_, 108, 13.6, 1.79908
_475_, 5.4, 8.16, 1.79972
_499_, 5.4, 8.16, 1.79972
_483_, 16.2, 8.16, 1.79966
_491_, 21.6, 8.16, 1.79963
_354_, 32.4, 8.16, 1.79959
_480_, 32.4, 8.16, 1.79959
_341_, 37.8, 8.16, 1.79958
_496_, 37.8, 8.16, 1.79958
_360_, 48.6, 8.16, 1.79957
_481_, 48.6, 8.16, 1.79957
_342_, 54, 8.16, 1.79957
_497_, 54, 8.16, 1.79957
_247_, 59.4, 8.16, 1.79958
_474_, 64.8, 8.16, 1.79959
_498_, 64.8, 8.16, 1.79959
_248_, 75.6, 8.16, 1.7995
_252_, 75.6, 8.16, 1.7995
_490_, 75.6, 8.16, 1.7995
_225_, 81, 8.16, 1.79947
_614_, 81, 8.16, 1.79947
_251_, 86.4, 8.16, 1.79944
_242_, 91.8, 8.16, 1.79942
_619_, 91.8, 8.16, 1.79942
_594_, 97.2, 8.16, 1.79941
_253_, 102.6, 8.16, 1.7994
_599_, 102.6, 8.16, 1.7994
